2018/06/25 16:45:01 Got request for Owner with id  2
2018/06/25 16:47:04 &{0  }
2018/06/25 16:48:46 &{0  }
2018/06/25 16:51:04 &{2 sahir ahir}
2018/06/25 16:51:19 &{2 sahir ahir}
2018/06/26 09:22:57 id is 3
2018/06/26 09:24:19 id is 3
2018/06/26 09:24:19 queried db
2018/06/26 09:25:18 id is 3
2018/06/26 09:25:18 queried db &{<nil> 0xc4201a0f00}
2018/06/26 09:26:06 id is 3
2018/06/26 09:26:06 queried db &{<nil> 0xc4201a0f00}
2018/06/26 09:28:38 id is 3
2018/06/26 09:28:38 queried db <nil>
2018/06/26 09:28:38 rows affected 3
2018/06/26 09:28:38 {3 John Snow}
2018/06/26 09:49:22 id is 3
2018/06/26 09:49:22 queried db <nil>
2018/06/26 09:49:39 id is 3
2018/06/26 09:49:39 queried db <nil>
2018/06/26 09:56:37 id is 3
2018/06/26 09:56:37 queried db <nil>
2018/06/26 09:57:18 id is 3
2018/06/26 09:57:18 queried db <nil>
